EDA Netlist Writer report for ALU
Sun Aug 20 09:33:01 2017
Quartus Prime Version 17.0.0 Build 595 04/25/2017 SJ Lite Edition


---------------------
; Table of Contents ;
---------------------
  1. Legal Notice
  2. EDA Netlist Writer Summary
  3. EDA Netlist Writer Messages



----------------
; Legal Notice ;
----------------
Copyright (C) 2017  Intel Corporation. All rights reserved.
Your use of Intel Corporation's design tools, logic functions 
and other software and tools, and its AMPP partner logic 
functions, and any output files from any of the foregoing 
(including device programming or simulation files), and any 
associated documentation or information are expressly subject 
to the terms and conditions of the Intel Program License 
Subscription Agreement, the Intel Quartus Prime License Agreement,
the Intel MegaCore Function License Agreement, or other 
applicable license agreement, including, without limitation, 
that your use is for the sole purpose of programming logic 
devices manufactured by Intel and sold by Intel or its 
authorized distributors.  Please refer to the applicable 
agreement for further details.



+-------------------------------------------------------------------+
; EDA Netlist Writer Summary                                        ;
+---------------------------+---------------------------------------+
; EDA Netlist Writer Status ; Successful - Sun Aug 20 09:33:01 2017 ;
; Revision Name             ; ALU                                   ;
; Top-level Entity Name     ; alu_avr                               ;
; Family                    ; Cyclone V                             ;
+---------------------------+---------------------------------------+


+-----------------------------+
; EDA Netlist Writer Messages ;
+-----------------------------+
Info: *******************************************************************
Info: Running Quartus Prime EDA Netlist Writer
    Info: Version 17.0.0 Build 595 04/25/2017 SJ Lite Edition
    Info: Processing started: Sun Aug 20 09:33:01 2017
Info: Command: quartus_eda --read_settings_files=on --write_settings_files=off ALU -c ALU --gen_testbench
Info (119006): Selected device 5CGXFC7C7F23C8 for design "ALU"
Warning (18236): Number of processors has not been specified which may cause overloading on shared machines.  Set the global assignment NUM_PARALLEL_PROCESSORS in your QSF to an appropriate value for best performance.
Info (201002): Generated VHDL Test Bench File /home/juan/Documentos/Micros/ProyectoUno/simulation/modelsim/alu_avr.vht for simulation
Info: Quartus Prime EDA Netlist Writer was successful. 0 errors, 1 warning
    Info: Peak virtual memory: 1121 megabytes
    Info: Processing ended: Sun Aug 20 09:33:01 2017
    Info: Elapsed time: 00:00:00
    Info: Total CPU time (on all processors): 00:00:01


